            SEVERE: ================================================================================
            SEVERE: Cargokit BuildTool failed with error:
            SEVERE: --------------------------------------------------------------------------------
            SEVERE: External Command: rustup "run" "stable" "cargo" "build" "--manifest-path" "/Users/mayday/.pub-cache/hosted/pub.dev/super_native_extensions-0.9.0-dev.3/rust/Cargo.toml" "-p" "super_native_extensions" "--release" "--target" "aarch64-apple-ios" "--target-dir" "/Users/mayday/Library/Developer/Xcode/DerivedData/Runner-fjwuafjtibeivkbugpjzfoqvdzcg/Build/Intermediates.noindex/Pods.build/Release-iphoneos/super_native_extensions.build"
            SEVERE: Returned Exit Code: 101
            SEVERE: --------------------------------------------------------------------------------
            SEVERE: STDOUT:
            SEVERE: --------------------------------------------------------------------------------
            SEVERE: STDERR:
            SEVERE: Compiling objc2-encode v4.0.3
            SEVERE:    Compiling cfg-if v1.0.0
            SEVERE:    Compiling core-foundation-sys v0.8.6
            SEVERE:    Compiling libc v0.2.155
            SEVERE:    Compiling once_cell v1.19.0
            SEVERE:    Compiling objc-sys v0.3.5
            SEVERE:    Compiling block-sys v0.2.1
            SEVERE: error[E0463]: can't find crate for `core`
            SEVERE:   |
            SEVERE:   = note: the `aarch64-apple-ios` target may not be installed
            SEVERE:   = help: consider downloading the target with `rustup target add aarch64-apple-ios`
            SEVERE:
            SEVERE: For more information about this error, try `rustc --explain E0463`.
            SEVERE: error: could not compile `libc` (lib) due to 1 previous error
            SEVERE: warning: build failed, waiting for other jobs to finish...
            SEVERE: error[E0463]: can't find crate for `std`
            SEVERE:   |
            SEVERE:   = note: the `aarch64-apple-ios` target may not be installed
            SEVERE:   = help: consider downloading the target with `rustup target add aarch64-apple-ios`
            SEVERE:
            SEVERE: error: could not compile `cfg-if` (lib) due to 1 previous error
            SEVERE: error: could not compile `once_cell` (lib) due to 1 previous error
            SEVERE: error: could not compile `block-sys` (lib) due to 1 previous error
            SEVERE: error: could not compile `core-foundation-sys` (lib) due to 1 previous error
            SEVERE: error: could not compile `objc-sys` (lib) due to 1 previous error
            SEVERE: error: could not compile `objc2-encode` (lib) due to 1 previous error
            SEVERE: --------------------------------------------------------------------------------
            SEVERE: #0      runCommand (package:build_tool/src/util.dart:118:5)
            SEVERE: #1      RustBuilder.build (package:build_tool/src/builder.dart:139:5)
            SEVERE: <asynchronous suspension>
            SEVERE: #2      ArtifactProvider.getArtifacts (package:build_tool/src/artifacts_provider.dart:68:25)
            SEVERE: <asynchronous suspension>
            SEVERE: #3      BuildPod.build (package:build_tool/src/build_pod.dart:31:23)
            SEVERE: <asynchronous suspension>
            SEVERE: #4      BuildPodCommand.runBuildCommand (package:build_tool/src/build_tool.dart:48:5)
            SEVERE: <asynchronous suspension>
            SEVERE: #5      BuildCommand.run (package:build_tool/src/build_tool.dart:34:5)
            SEVERE: <asynchronous suspension>
            SEVERE: #6      CommandRunner.runCommand (package:args/command_runner.dart:212:13)
            SEVERE: <asynchronous suspension>
            SEVERE: #7      runMain (package:build_tool/src/build_tool.dart:248:5)
            SEVERE: <asynchronous suspension>
            SEVERE: --------------------------------------------------------------------------------
            SEVERE: BuildTool arguments: [build-pod, ../rust, super_native_extensions]
            SEVERE: ================================================================================
