# JRE version: OpenJDK Runtime Environment (17.0.9) (build 17.0.9+0--11185874)
# Java VM: OpenJDK 64-Bit Server VM (17.0.9+0--11185874, mixed mode, tiered, compressed oops, compressed class ptrs, g1 gc, windows-amd64)
GC Precious Log:
 CPUs: 8 total, 8 available
 Memory: 7501M
 Large Page Support: Disabled
 NUMA Support: Disabled
 Compressed Oops: Enabled (32-bit)
 Heap Region Size: 1M
 Heap Min Capacity: 8M
 Heap Initial Capacity: 118M
 Heap Max Capacity: 1876M
 Pre-touch: Disabled
 Parallel Workers: 8
 Concurrent Workers: 2
 Concurrent Refinement Workers: 8
 Periodic GC: Disabled
Heap:
 garbage-first heap   total 48128K, used 23988K [0x000000008ac00000, 0x0000000100000000)
  region size 1024K, 13 young (13312K), 1 survivors (1024K)
 Metaspace       used 24630K, committed 24832K, reserved 1114112K
  class space    used 2792K, committed 2880K, reserved 1048576K
GC Heap History (16 events):
Event: 72.498 GC heap before
{Heap before GC invocations=0 (full 0):
 garbage-first heap   total 120832K, used 22528K [0x000000008ac00000, 0x0000000100000000)
  region size 1024K, 23 young (23552K), 0 survivors (0K)
 Metaspace       used 16714K, committed 16960K, reserved 1114112K
  class space    used 1675K, committed 1792K, reserved 1048576K
}
Event: 72.506 GC heap after
{Heap after GC invocations=1 (full 0):
 garbage-first heap   total 120832K, used 3496K [0x000000008ac00000, 0x0000000100000000)
  region size 1024K, 3 young (3072K), 3 survivors (3072K)
 Metaspace       used 16714K, committed 16960K, reserved 1114112K
  class space    used 1675K, committed 1792K, reserved 1048576K
}
Event: 155.128 GC heap before
{Heap before GC invocations=1 (full 0):
 garbage-first heap   total 120832K, used 37288K [0x000000008ac00000, 0x0000000100000000)
  region size 1024K, 34 young (34816K), 3 survivors (3072K)
 Metaspace       used 16812K, committed 17024K, reserved 1114112K
  class space    used 1679K, committed 1792K, reserved 1048576K
}
Event: 155.133 GC heap after
{Heap after GC invocations=2 (full 0):
 garbage-first heap   total 120832K, used 6135K [0x000000008ac00000, 0x0000000100000000)
  region size 1024K, 1 young (1024K), 1 survivors (1024K)
 Metaspace       used 16812K, committed 17024K, reserved 1114112K
  class space    used 1679K, committed 1792K, reserved 1048576K
}
Event: 158.494 GC heap before
{Heap before GC invocations=2 (full 0):
 garbage-first heap   total 120832K, used 76791K [0x000000008ac00000, 0x0000000100000000)
  region size 1024K, 70 young (71680K), 1 survivors (1024K)
 Metaspace       used 16820K, committed 17024K, reserved 1114112K
  class space    used 1680K, committed 1792K, reserved 1048576K
}
Event: 158.495 GC heap after
{Heap after GC invocations=3 (full 0):
 garbage-first heap   total 120832K, used 5878K [0x000000008ac00000, 0x0000000100000000)
  region size 1024K, 1 young (1024K), 1 survivors (1024K)
 Metaspace       used 16820K, committed 17024K, reserved 1114112K
  class space    used 1680K, committed 1792K, reserved 1048576K
}
Event: 162.151 GC heap before
{Heap before GC invocations=3 (full 0):
 garbage-first heap   total 120832K, used 76534K [0x000000008ac00000, 0x0000000100000000)
  region size 1024K, 70 young (71680K), 1 survivors (1024K)
 Metaspace       used 16820K, committed 17024K, reserved 1114112K
  class space    used 1680K, committed 1792K, reserved 1048576K
}
Event: 162.151 GC heap after
{Heap after GC invocations=4 (full 0):
 garbage-first heap   total 120832K, used 5778K [0x000000008ac00000, 0x0000000100000000)
  region size 1024K, 1 young (1024K), 1 survivors (1024K)
 Metaspace       used 16820K, committed 17024K, reserved 1114112K
  class space    used 1680K, committed 1792K, reserved 1048576K
}
Event: 171.703 GC heap before
{Heap before GC invocations=4 (full 0):
 garbage-first heap   total 120832K, used 72338K [0x000000008ac00000, 0x0000000100000000)
  region size 1024K, 62 young (63488K), 1 survivors (1024K)
 Metaspace       used 21326K, committed 21504K, reserved 1114112K
  class space    used 2398K, committed 2496K, reserved 1048576K
}
Event: 171.706 GC heap after
{Heap after GC invocations=5 (full 0):
 garbage-first heap   total 120832K, used 11904K [0x000000008ac00000, 0x0000000100000000)
  region size 1024K, 6 young (6144K), 6 survivors (6144K)
 Metaspace       used 21326K, committed 21504K, reserved 1114112K
  class space    used 2398K, committed 2496K, reserved 1048576K
}
Event: 485.719 GC heap before
{Heap before GC invocations=6 (full 0):
 garbage-first heap   total 48128K, used 34432K [0x000000008ac00000, 0x0000000100000000)
  region size 1024K, 28 young (28672K), 6 survivors (6144K)
 Metaspace       used 24613K, committed 24832K, reserved 1114112K
  class space    used 2791K, committed 2880K, reserved 1048576K
}
Event: 485.730 GC heap after
{Heap after GC invocations=7 (full 0):
 garbage-first heap   total 48128K, used 12764K [0x000000008ac00000, 0x0000000100000000)
  region size 1024K, 1 young (1024K), 1 survivors (1024K)
 Metaspace       used 24613K, committed 24832K, reserved 1114112K
  class space    used 2791K, committed 2880K, reserved 1048576K
}
Event: 499.772 GC heap before
{Heap before GC invocations=7 (full 0):
 garbage-first heap   total 48128K, used 13788K [0x000000008ac00000, 0x0000000100000000)
  region size 1024K, 2 young (2048K), 1 survivors (1024K)
 Metaspace       used 24622K, committed 24832K, reserved 1114112K
  class space    used 2791K, committed 2880K, reserved 1048576K
}
Event: 499.774 GC heap after
{Heap after GC invocations=8 (full 0):
 garbage-first heap   total 48128K, used 12764K [0x000000008ac00000, 0x0000000100000000)
  region size 1024K, 1 young (1024K), 1 survivors (1024K)
 Metaspace       used 24622K, committed 24832K, reserved 1114112K
  class space    used 2791K, committed 2880K, reserved 1048576K
}
Event: 919.122 GC heap before
{Heap before GC invocations=8 (full 0):
 garbage-first heap   total 48128K, used 34268K [0x000000008ac00000, 0x0000000100000000)
  region size 1024K, 22 young (22528K), 1 survivors (1024K)
 Metaspace       used 24622K, committed 24832K, reserved 1114112K
  class space    used 2791K, committed 2880K, reserved 1048576K
}
Event: 919.123 GC heap after
{Heap after GC invocations=9 (full 0):
 garbage-first heap   total 48128K, used 12724K [0x000000008ac00000, 0x0000000100000000)
  region size 1024K, 1 young (1024K), 1 survivors (1024K)
 Metaspace       used 24622K, committed 24832K, reserved 1114112K
  class space    used 2791K, committed 2880K, reserved 1048576K
}

